d:\code\mycode\dshowstudy\capture\cameracapture\debug\cameracapture.pch
d:\code\mycode\dshowstudy\capture\cameracapture\debug\vc140.pdb
d:\code\mycode\dshowstudy\capture\cameracapture\debug\vc140.idb
d:\code\mycode\dshowstudy\capture\cameracapture\debug\stdafx.obj
d:\code\mycode\dshowstudy\capture\cameracapture\debug\devicemanager.obj
d:\code\mycode\dshowstudy\capture\cameracapture\debug\cameracapture.obj
d:\code\mycode\dshowstudy\capture\cameracapture\debug\fmsinkfilter.obj
d:\code\mycode\dshowstudy\capture\cameracapture\debug\utils.obj
d:\code\mycode\dshowstudy\capture\cameracapture\debug\callbackobject.obj
d:\code\mycode\dshowstudy\capture\cameracapture\debug\dshowcapture.obj
d:\code\mycode\dshowstudy\capture\cameracapture\debug\pinhelper.obj
d:\code\mycode\dshowstudy\capture\debug\cameracapture.ilk
d:\code\mycode\dshowstudy\capture\debug\cameracapture.exe
d:\code\mycode\dshowstudy\capture\debug\cameracapture.pdb
d:\code\mycode\dshowstudy\capture\cameracapture\debug\cameracapture.tlog\cl.command.1.tlog
d:\code\mycode\dshowstudy\capture\cameracapture\debug\cameracapture.tlog\cl.read.1.tlog
d:\code\mycode\dshowstudy\capture\cameracapture\debug\cameracapture.tlog\cl.write.1.tlog
d:\code\mycode\dshowstudy\capture\cameracapture\debug\cameracapture.tlog\link.command.1.tlog
d:\code\mycode\dshowstudy\capture\cameracapture\debug\cameracapture.tlog\link.read.1.tlog
d:\code\mycode\dshowstudy\capture\cameracapture\debug\cameracapture.tlog\link.write.1.tlog
